<?xml version="1.0" encoding="UTF-8"?>
<!-- Generated by org.testng.reporters.JUnitReportReporter -->
<testsuite skipped="0" hostname="LAPTOP-2UATULQH" name="com.mycompany.tests.LoginTest" tests="1" failures="0" timestamp="06 Nov 2019 18:25:51 GMT" time="47.778" errors="0">
  <testcase name="myTest" time="47.778" classname="com.mycompany.tests.LoginTest"/>
</testsuite> <!-- com.mycompany.tests.LoginTest -->
